#TYPE System.IO.FileInfo
"PSPath","PSParentPath","PSChildName","PSDrive","PSProvider","PSIsContainer","Mode","VersionInfo","BaseName","Target","LinkType","Name","Length","DirectoryName","Directory","IsReadOnly","Exists","FullName","Extension","CreationTime","CreationTimeUtc","LastAccessTime","LastAccessTimeUtc","LastWriteTime","LastWriteTimeUtc","Attributes"
"Microsoft.PowerShell.Core\FileSystem::C:\Users\champuser\SavC-TechJournal-SYS320\week02\list_ps1_files.ps1","Microsoft.PowerShell.Core\FileSystem::C:\Users\champuser\SavC-TechJournal-SYS320\week02","list_ps1_files.ps1","C","Microsoft.PowerShell.Core\FileSystem","False","-a----","File:             C:\Users\champuser\SavC-TechJournal-SYS320\week02\list_ps1_files.ps1
InternalName:     
OriginalFilename: 
FileVersion:      
FileDescription:  
Product:          
ProductVersion:   
Debug:            False
Patched:          False
PreRelease:       False
PrivateBuild:     False
SpecialBuild:     False
Language:         
","list_ps1_files","System.Collections.Generic.List`1[System.String]",,"list_ps1_files.ps1","252","C:\Users\champuser\SavC-TechJournal-SYS320\week02","C:\Users\champuser\SavC-TechJournal-SYS320\week02","False","True","C:\Users\champuser\SavC-TechJournal-SYS320\week02\list_ps1_files.ps1",".ps1","9/10/2025 12:10:49 AM","9/10/2025 4:10:49 AM","9/10/2025 12:10:49 AM","9/10/2025 4:10:49 AM","9/10/2025 12:10:49 AM","9/10/2025 4:10:49 AM","Archive"
"Microsoft.PowerShell.Core\FileSystem::C:\Users\champuser\SavC-TechJournal-SYS320\week02\outfolder_creation.ps1","Microsoft.PowerShell.Core\FileSystem::C:\Users\champuser\SavC-TechJournal-SYS320\week02","outfolder_creation.ps1","C","Microsoft.PowerShell.Core\FileSystem","False","-a----","File:             C:\Users\champuser\SavC-TechJournal-SYS320\week02\outfolder_creation.ps1
InternalName:     
OriginalFilename: 
FileVersion:      
FileDescription:  
Product:          
ProductVersion:   
Debug:            False
Patched:          False
PreRelease:       False
PrivateBuild:     False
SpecialBuild:     False
Language:         
","outfolder_creation","System.Collections.Generic.List`1[System.String]",,"outfolder_creation.ps1","288","C:\Users\champuser\SavC-TechJournal-SYS320\week02","C:\Users\champuser\SavC-TechJournal-SYS320\week02","False","True","C:\Users\champuser\SavC-TechJournal-SYS320\week02\outfolder_creation.ps1",".ps1","9/10/2025 12:49:22 AM","9/10/2025 4:49:22 AM","9/10/2025 12:55:38 AM","9/10/2025 4:55:38 AM","9/10/2025 12:55:38 AM","9/10/2025 4:55:38 AM","Archive"
"Microsoft.PowerShell.Core\FileSystem::C:\Users\champuser\SavC-TechJournal-SYS320\week02\save_list_ps1_files.ps1","Microsoft.PowerShell.Core\FileSystem::C:\Users\champuser\SavC-TechJournal-SYS320\week02","save_list_ps1_files.ps1","C","Microsoft.PowerShell.Core\FileSystem","False","-a----","File:             C:\Users\champuser\SavC-TechJournal-SYS320\week02\save_list_ps1_files.ps1
InternalName:     
OriginalFilename: 
FileVersion:      
FileDescription:  
Product:          
ProductVersion:   
Debug:            False
Patched:          False
PreRelease:       False
PrivateBuild:     False
SpecialBuild:     False
Language:         
","save_list_ps1_files","System.Collections.Generic.List`1[System.String]",,"save_list_ps1_files.ps1","347","C:\Users\champuser\SavC-TechJournal-SYS320\week02","C:\Users\champuser\SavC-TechJournal-SYS320\week02","False","True","C:\Users\champuser\SavC-TechJournal-SYS320\week02\save_list_ps1_files.ps1",".ps1","9/10/2025 1:09:24 AM","9/10/2025 5:09:24 AM","9/10/2025 1:09:24 AM","9/10/2025 5:09:24 AM","9/10/2025 1:09:24 AM","9/10/2025 5:09:24 AM","Archive"
